<?xml version="1.0" encoding="UTF-8"?>
<testng-results skipped="0" failed="0" total="2" passed="2">
  <reporter-output>
  </reporter-output>
  <suite name="Default suite" duration-ms="21409" started-at="2020-08-02T19:46:36Z" finished-at="2020-08-02T19:46:58Z">
    <groups>
    </groups>
    <test name="Default test" duration-ms="21409" started-at="2020-08-02T19:46:36Z" finished-at="2020-08-02T19:46:58Z">
      <class name="com.flipkart.qa.testCases.PaymentPageTest">
        <test-method status="PASS" signature="setup()[pri:0, instance:com.flipkart.qa.testCases.PaymentPageTest@11531931]" name="setup" is-config="true" duration-ms="8194" started-at="2020-08-03T01:16:36Z" finished-at="2020-08-03T01:16:44Z">
          <reporter-output>
          </reporter-output>
        </test-method> <!-- setup -->
        <test-method status="PASS" signature="HomepageTest()[pri:1, instance:com.flipkart.qa.testCases.PaymentPageTest@11531931]" name="HomepageTest" duration-ms="936" started-at="2020-08-03T01:16:44Z" finished-at="2020-08-03T01:16:45Z">
          <reporter-output>
          </reporter-output>
        </test-method> <!-- HomepageTest -->
        <test-method status="PASS" signature="VerifyCameraDetailsOnSummaryPage()[pri:2, instance:com.flipkart.qa.testCases.PaymentPageTest@11531931]" name="VerifyCameraDetailsOnSummaryPage" duration-ms="11566" started-at="2020-08-03T01:16:45Z" finished-at="2020-08-03T01:16:57Z">
          <reporter-output>
          </reporter-output>
        </test-method> <!-- VerifyCameraDetailsOnSummaryPage -->
        <test-method status="PASS" signature="teardown()[pri:0, instance:com.flipkart.qa.testCases.PaymentPageTest@11531931]" name="teardown" is-config="true" duration-ms="697" started-at="2020-08-03T01:16:57Z" finished-at="2020-08-03T01:16:58Z">
          <reporter-output>
          </reporter-output>
        </test-method> <!-- teardown -->
      </class> <!-- com.flipkart.qa.testCases.PaymentPageTest -->
    </test> <!-- Default test -->
  </suite> <!-- Default suite -->
</testng-results>
