<?xml version="1.0" encoding="UTF-8"?>
<!-- Generated by org.testng.reporters.JUnitXMLReporter -->
<testsuite hostname="LAPTOP-D142S9QQ" name="Default test" tests="3" failures="0" timestamp="3 Aug 2020 22:10:26 GMT" time="42.359" errors="0">
  <testcase name="HomepageTest" time="1.081" classname="com.flipkart.qa.testCases.PaymentPageTest"/>
  <testcase name="searchForItemToBuy" time="3.181" classname="com.flipkart.qa.testCases.PaymentPageTest"/>
  <testcase name="clickOnBuyNowAndVerifyDetailsOnCheckoutPage" time="13.758" classname="com.flipkart.qa.testCases.PaymentPageTest"/>
</testsuite> <!-- Default test -->
